17:19:33.296 INFO  manager.ApplicationManager - All tests run in Chrome browser
17:19:34.551 INFO  manager.ApplicationManager - Current URL ---> https://contacts-app.tobbymarshall815.vercel.app/home
17:19:34.610 INFO  tests.TestBase - Start method with name ->>removeAllContactsSuccess
17:19:34.613 INFO  manager.MyListener - WebDriver start find element -> By.xpath: //button[text()='Sign Out']
17:19:39.682 INFO  manager.MyListener - WebDrive found element by locator -->By.xpath: //button[text()='Sign Out']
17:19:40.412 INFO  manager.MyListener - WebDriver start find element -> By.cssSelector: .contact-item_card__2SOIM
17:19:41.588 INFO  manager.MyListener - WebDrive found element by locator -->By.cssSelector: .contact-item_card__2SOIM
17:19:47.318 INFO  manager.MyListener - WebDriver start find element -> By.cssSelector: .contact-item_card__2SOIM
17:19:47.929 INFO  manager.MyListener - WebDrive found element by locator -->By.cssSelector: .contact-item_card__2SOIM
17:19:48.634 INFO  manager.MyListener - WebDriver start find element -> By.cssSelector: .contact-item_card__2SOIM
17:19:48.768 INFO  manager.MyListener - WebDrive found element by locator -->By.cssSelector: .contact-item_card__2SOIM
17:19:49.473 INFO  manager.MyListener - WebDriver start find element -> By.cssSelector: .contact-item_card__2SOIM
17:19:49.555 INFO  manager.MyListener - WebDrive found element by locator -->By.cssSelector: .contact-item_card__2SOIM
17:19:50.262 INFO  manager.MyListener - WebDriver start find element -> By.cssSelector: .contact-item_card__2SOIM
17:19:50.340 INFO  manager.MyListener - WebDrive found element by locator -->By.cssSelector: .contact-item_card__2SOIM
17:19:51.012 INFO  manager.MyListener - WebDriver start find element -> By.cssSelector: .contact-item_card__2SOIM
17:19:51.076 INFO  manager.MyListener - WebDrive found element by locator -->By.cssSelector: .contact-item_card__2SOIM
17:19:51.743 INFO  manager.MyListener - WebDriver start find element -> By.cssSelector: .contact-item_card__2SOIM
17:19:51.806 INFO  manager.MyListener - WebDrive found element by locator -->By.cssSelector: .contact-item_card__2SOIM
17:19:52.517 INFO  manager.MyListener - WebDriver start find element -> By.cssSelector: .contact-item_card__2SOIM
17:19:52.575 INFO  manager.MyListener - WebDrive found element by locator -->By.cssSelector: .contact-item_card__2SOIM
17:19:53.275 INFO  manager.MyListener - WebDriver start find element -> By.cssSelector: .contact-item_card__2SOIM
17:19:53.318 INFO  manager.MyListener - WebDrive found element by locator -->By.cssSelector: .contact-item_card__2SOIM
17:19:53.988 INFO  manager.MyListener - WebDriver start find element -> By.cssSelector: .contact-item_card__2SOIM
17:19:54.026 INFO  manager.MyListener - WebDrive found element by locator -->By.cssSelector: .contact-item_card__2SOIM
17:19:54.681 INFO  manager.MyListener - WebDriver start find element -> By.cssSelector: .contact-item_card__2SOIM
17:19:54.709 INFO  manager.MyListener - WebDrive found element by locator -->By.cssSelector: .contact-item_card__2SOIM
17:19:55.348 INFO  manager.MyListener - WebDriver start find element -> By.cssSelector: .contact-item_card__2SOIM
17:19:55.383 INFO  manager.MyListener - WebDrive found element by locator -->By.cssSelector: .contact-item_card__2SOIM
17:19:56.051 INFO  manager.MyListener - WebDriver start find element -> By.cssSelector: .contact-item_card__2SOIM
17:19:56.083 INFO  manager.MyListener - WebDrive found element by locator -->By.cssSelector: .contact-item_card__2SOIM
17:19:56.703 INFO  manager.MyListener - WebDriver start find element -> By.cssSelector: .contact-item_card__2SOIM
17:19:56.730 INFO  manager.MyListener - WebDrive found element by locator -->By.cssSelector: .contact-item_card__2SOIM
17:19:57.405 INFO  manager.MyListener - WebDriver start find element -> By.cssSelector: .contact-item_card__2SOIM
17:20:02.426 INFO  manager.MyListener - WebDrive found element by locator -->By.cssSelector: .contact-item_card__2SOIM
