17:02:48.942 INFO  manager.ApplicationManager - All tests run in Chrome browser
17:02:50.820 INFO  manager.ApplicationManager - Current URL ---> https://contacts-app.tobbymarshall815.vercel.app/home
17:02:50.858 INFO  tests.TestBase - Start method with name ->>removeAllContactsSuccess
17:02:50.860 INFO  manager.MyListener - WebDriver start find element -> By.xpath: //button[text()='Sign Out']
17:02:55.921 INFO  manager.MyListener - WebDrive found element by locator -->By.xpath: //button[text()='Sign Out']
17:02:56.623 INFO  manager.MyListener - WebDriver start find element -> By.cssSelector: .contact-item_card__2SOIM
17:03:01.651 INFO  manager.MyListener - WebDrive found element by locator -->By.cssSelector: .contact-item_card__2SOIM
17:03:08.107 INFO  manager.MyListener - WebDriver start find element -> By.cssSelector: .contact-item_card__2SOIM
17:03:08.735 INFO  manager.MyListener - WebDrive found element by locator -->By.cssSelector: .contact-item_card__2SOIM
17:03:09.488 INFO  manager.MyListener - WebDriver start find element -> By.cssSelector: .contact-item_card__2SOIM
17:03:09.555 INFO  manager.MyListener - WebDrive found element by locator -->By.cssSelector: .contact-item_card__2SOIM
17:03:10.262 INFO  manager.MyListener - WebDriver start find element -> By.cssSelector: .contact-item_card__2SOIM
17:03:10.319 INFO  manager.MyListener - WebDrive found element by locator -->By.cssSelector: .contact-item_card__2SOIM
17:03:10.991 INFO  manager.MyListener - WebDriver start find element -> By.cssSelector: .contact-item_card__2SOIM
17:03:11.042 INFO  manager.MyListener - WebDrive found element by locator -->By.cssSelector: .contact-item_card__2SOIM
17:03:11.688 INFO  manager.MyListener - WebDriver start find element -> By.cssSelector: .contact-item_card__2SOIM
17:03:11.734 INFO  manager.MyListener - WebDrive found element by locator -->By.cssSelector: .contact-item_card__2SOIM
17:03:12.370 INFO  manager.MyListener - WebDriver start find element -> By.cssSelector: .contact-item_card__2SOIM
17:03:12.422 INFO  manager.MyListener - WebDrive found element by locator -->By.cssSelector: .contact-item_card__2SOIM
17:03:13.119 INFO  manager.MyListener - WebDriver start find element -> By.cssSelector: .contact-item_card__2SOIM
17:03:13.153 INFO  manager.MyListener - WebDrive found element by locator -->By.cssSelector: .contact-item_card__2SOIM
17:03:13.308 INFO  manager.MyListener - The name of method with error ->>>click
17:03:13.317 INFO  manager.MyListener - We have a problemorg.openqa.selenium.StaleElementReferenceException: stale element reference: element is not attached to the page document
  (Session info: chrome=103.0.5060.114)
For documentation on this error, please visit: https://selenium.dev/exceptions/#stale_element_reference
Build info: version: '4.2.2', revision: '683ccb65d6'
System info: host: 'LAPTOP-GAODKJDU', ip: '192.168.1.14', os.name: 'Windows 11', os.arch: 'amd64', os.version: '10.0', java.version: '11.0.15.1'
Driver info: org.openqa.selenium.chrome.ChromeDriver
Command: [a2bbbaf271eb1adedada5a2d7e3ec8c1, clickElement {id=c128d26f-8458-4846-bd21-b05ebc263db1}]
Capabilities {acceptInsecureCerts: false, browserName: chrome, browserVersion: 103.0.5060.114, chrome: {chromedriverVersion: 103.0.5060.53 (a1711811edd7..., userDataDir: C:\Users\Dmitrii\AppData\Lo...}, goog:chromeOptions: {debuggerAddress: localhost:65353}, networkConnectionEnabled: false, pageLoadStrategy: normal, platformName: WINDOWS, proxy: Proxy(), se:cdp: ws://localhost:65353/devtoo..., se:cdpVersion: 103.0.5060.114, setWindowRect: true, strictFileInteractability: false, timeouts: {implicit: 0, pageLoad: 300000, script: 30000}, unhandledPromptBehavior: dismiss and notify, webauthn:extension:credBlob: true, webauthn:extension:largeBlob: true, webauthn:virtualAuthenticators: true}
Element: [[ChromeDriver: chrome on WINDOWS (a2bbbaf271eb1adedada5a2d7e3ec8c1)] -> xpath: //button[text()='Remove']]
Session ID: a2bbbaf271eb1adedada5a2d7e3ec8c1
