11:56:25.960 INFO  manager.ApplicationManager - All tests run in Chrome browser
11:56:30.495 INFO  manager.ApplicationManager - Current URL ---> https://contacts-app.tobbymarshall815.vercel.app/home
11:56:30.584 INFO  tests.TestBase - Start method with name ->>addNewContactSuccess
11:56:30.591 INFO  manager.MyListener - WebDriver start find element -> By.xpath: //button[text()='Sign Out']
11:56:35.633 INFO  manager.MyListener - WebDrive found element by locator -->By.xpath: //button[text()='Sign Out']
11:56:35.637 INFO  manager.MyListener - WebDriver starts find element ---> By.cssSelector: [href='/login']
11:56:35.789 INFO  manager.MyListener - WebDriver starts find element ---> By.xpath: //input[1]
11:56:36.059 INFO  manager.MyListener - WebDriver starts find element ---> By.xpath: //input[2]
11:56:36.340 INFO  manager.MyListener - WebDriver starts find element ---> By.xpath: //*[text()=' Login']
11:56:36.536 INFO  tests.TestBase - Contact is -> Contact(name=Ron1403, lastName=Bin, phone=0673456787, email=ddd@gmail.com, address=Tel Aviv, description=friend)
11:56:38.537 INFO  manager.MyListener - WebDriver starts find element ---> By.cssSelector: .active
11:56:38.679 INFO  manager.MyListener - WebDriver starts find element ---> By.cssSelector: input[placeholder='Name']
11:56:43.766 INFO  manager.MyListener - The name of method with error --->findElement
11:56:43.775 INFO  manager.MyListener - We have a problem ---> org.openqa.selenium.NoSuchElementException: no such element: Unable to locate element: {"method":"css selector","selector":"input[placeholder='Name']"}
  (Session info: chrome=103.0.5060.134)
For documentation on this error, please visit: https://selenium.dev/exceptions/#no_such_element
Build info: version: '4.2.2', revision: '683ccb65d6'
System info: host: 'LAPTOP-GAODKJDU', ip: '192.168.1.14', os.name: 'Windows 11', os.arch: 'amd64', os.version: '10.0', java.version: '11.0.15.1'
Driver info: org.openqa.selenium.chrome.ChromeDriver
Command: [c86fe21e9c9db5d7948cfe3fc37bfd8f, findElement {using=css selector, value=input[placeholder='Name']}]
Capabilities {acceptInsecureCerts: false, browserName: chrome, browserVersion: 103.0.5060.134, chrome: {chromedriverVersion: 103.0.5060.53 (a1711811edd7..., userDataDir: C:\Users\Dmitrii\AppData\Lo...}, goog:chromeOptions: {debuggerAddress: localhost:55648}, networkConnectionEnabled: false, pageLoadStrategy: normal, platformName: WINDOWS, proxy: Proxy(), se:cdp: ws://localhost:55648/devtoo..., se:cdpVersion: 103.0.5060.134, setWindowRect: true, strictFileInteractability: false, timeouts: {implicit: 0, pageLoad: 300000, script: 30000}, unhandledPromptBehavior: dismiss and notify, webauthn:extension:credBlob: true, webauthn:extension:largeBlob: true, webauthn:virtualAuthenticators: true}
Session ID: c86fe21e9c9db5d7948cfe3fc37bfd8f
