17:27:28.756 INFO  manager.ApplicationManager - All tests run in Chrome browser
17:27:29.738 INFO  manager.ApplicationManager - Current URL ---> https://contacts-app.tobbymarshall815.vercel.app/home
17:27:29.791 INFO  tests.TestBase - Start method with name ->>removeAllContactsSuccess
17:27:29.794 INFO  manager.MyListener - WebDriver start find element -> By.xpath: //button[text()='Sign Out']
17:27:34.868 INFO  manager.MyListener - WebDrive found element by locator -->By.xpath: //button[text()='Sign Out']
17:27:35.553 INFO  manager.MyListener - WebDriver start find element -> By.cssSelector: .contact-item_card__2SOIM
17:27:40.602 INFO  manager.MyListener - WebDrive found element by locator -->By.cssSelector: .contact-item_card__2SOIM
17:27:46.452 INFO  manager.MyListener - WebDriver start find element -> By.cssSelector: .contact-item_card__2SOIM
17:27:46.911 INFO  manager.MyListener - WebDrive found element by locator -->By.cssSelector: .contact-item_card__2SOIM
17:27:47.615 INFO  manager.MyListener - WebDriver start find element -> By.cssSelector: .contact-item_card__2SOIM
17:27:47.676 INFO  manager.MyListener - WebDrive found element by locator -->By.cssSelector: .contact-item_card__2SOIM
17:27:48.406 INFO  manager.MyListener - WebDriver start find element -> By.cssSelector: .contact-item_card__2SOIM
17:27:48.452 INFO  manager.MyListener - WebDrive found element by locator -->By.cssSelector: .contact-item_card__2SOIM
17:27:49.135 INFO  manager.MyListener - WebDriver start find element -> By.cssSelector: .contact-item_card__2SOIM
17:27:49.164 INFO  manager.MyListener - WebDrive found element by locator -->By.cssSelector: .contact-item_card__2SOIM
17:27:54.206 INFO  manager.MyListener - The name of method with error --->findElement
17:27:54.214 INFO  manager.MyListener - We have a problem ---> org.openqa.selenium.NoSuchElementException: no such element: Unable to locate element: {"method":"css selector","selector":".contact-item_card__2SOIM"}
  (Session info: chrome=103.0.5060.114)
For documentation on this error, please visit: https://selenium.dev/exceptions/#no_such_element
Build info: version: '4.2.2', revision: '683ccb65d6'
System info: host: 'LAPTOP-GAODKJDU', ip: '192.168.1.14', os.name: 'Windows 11', os.arch: 'amd64', os.version: '10.0', java.version: '11.0.15.1'
Driver info: org.openqa.selenium.chrome.ChromeDriver
Command: [91bf6b293fb0fcbd1abfdef6371d9989, findElement {using=css selector, value=.contact-item_card__2SOIM}]
Capabilities {acceptInsecureCerts: false, browserName: chrome, browserVersion: 103.0.5060.114, chrome: {chromedriverVersion: 103.0.5060.53 (a1711811edd7..., userDataDir: C:\Users\Dmitrii\AppData\Lo...}, goog:chromeOptions: {debuggerAddress: localhost:59580}, networkConnectionEnabled: false, pageLoadStrategy: normal, platformName: WINDOWS, proxy: Proxy(), se:cdp: ws://localhost:59580/devtoo..., se:cdpVersion: 103.0.5060.114, setWindowRect: true, strictFileInteractability: false, timeouts: {implicit: 0, pageLoad: 300000, script: 30000}, unhandledPromptBehavior: dismiss and notify, webauthn:extension:credBlob: true, webauthn:extension:largeBlob: true, webauthn:virtualAuthenticators: true}
Session ID: 91bf6b293fb0fcbd1abfdef6371d9989
17:27:54.226 INFO  tests.TestBase - Start method with name ->>removeOneContactSuccess
17:27:54.228 INFO  manager.MyListener - WebDriver start find element -> By.xpath: //button[text()='Sign Out']
17:27:54.275 INFO  manager.MyListener - WebDrive found element by locator -->By.xpath: //button[text()='Sign Out']
17:27:54.276 INFO  manager.MyListener - WebDriver start find element -> By.cssSelector: .contact-item_card__2SOIM
17:27:59.295 INFO  manager.MyListener - WebDrive found element by locator -->By.cssSelector: .contact-item_card__2SOIM
17:28:05.549 INFO  manager.MyListener - WebDriver start find element -> By.cssSelector: .contact-item_card__2SOIM
17:28:05.615 INFO  manager.MyListener - WebDrive found element by locator -->By.cssSelector: .contact-item_card__2SOIM
17:28:05.617 INFO  manager.HelperBase - Count before remove is 3
17:28:05.618 INFO  manager.MyListener - WebDriver start find element -> By.cssSelector: .contact-item_card__2SOIM
17:28:05.671 INFO  manager.MyListener - WebDrive found element by locator -->By.cssSelector: .contact-item_card__2SOIM
17:28:05.671 INFO  manager.HelperBase - List of Contact not Empty
17:28:06.377 INFO  manager.MyListener - WebDriver start find element -> By.cssSelector: .contact-item_card__2SOIM
17:28:06.432 INFO  manager.MyListener - WebDrive found element by locator -->By.cssSelector: .contact-item_card__2SOIM
17:28:06.433 INFO  manager.HelperBase - Count after remove is 3
