17:08:25.907 INFO  manager.ApplicationManager - All tests run in Chrome browser
17:08:27.419 INFO  manager.ApplicationManager - Current URL ---> https://contacts-app.tobbymarshall815.vercel.app/home
17:08:27.477 INFO  tests.TestBase - Start method with name ->>removeAllContactsSuccess
17:08:27.482 INFO  manager.MyListener - WebDriver start find element -> By.xpath: //button[text()='Sign Out']
17:08:32.564 INFO  manager.MyListener - WebDrive found element by locator -->By.xpath: //button[text()='Sign Out']
17:08:33.280 INFO  manager.MyListener - WebDriver start find element -> By.cssSelector: .contact-item_card__2SOIM
17:08:34.459 INFO  manager.MyListener - WebDrive found element by locator -->By.cssSelector: .contact-item_card__2SOIM
17:08:40.225 INFO  manager.MyListener - WebDriver start find element -> By.cssSelector: .contact-item_card__2SOIM
17:08:41.118 INFO  manager.MyListener - WebDrive found element by locator -->By.cssSelector: .contact-item_card__2SOIM
17:08:41.832 INFO  manager.MyListener - WebDriver start find element -> By.cssSelector: .contact-item_card__2SOIM
17:08:41.899 INFO  manager.MyListener - WebDrive found element by locator -->By.cssSelector: .contact-item_card__2SOIM
17:08:42.593 INFO  manager.MyListener - WebDriver start find element -> By.cssSelector: .contact-item_card__2SOIM
17:08:42.642 INFO  manager.MyListener - WebDrive found element by locator -->By.cssSelector: .contact-item_card__2SOIM
17:08:43.304 INFO  manager.MyListener - WebDriver start find element -> By.cssSelector: .contact-item_card__2SOIM
17:08:43.336 INFO  manager.MyListener - WebDrive found element by locator -->By.cssSelector: .contact-item_card__2SOIM
17:08:44.014 INFO  manager.MyListener - WebDriver start find element -> By.cssSelector: .contact-item_card__2SOIM
17:08:44.043 INFO  manager.MyListener - WebDrive found element by locator -->By.cssSelector: .contact-item_card__2SOIM
17:08:49.090 INFO  manager.MyListener - The name of method with error ->>>findElement
17:08:49.098 INFO  manager.MyListener - We have a problemorg.openqa.selenium.NoSuchElementException: no such element: Unable to locate element: {"method":"css selector","selector":".contact-item_card__2SOIM"}
  (Session info: chrome=103.0.5060.114)
For documentation on this error, please visit: https://selenium.dev/exceptions/#no_such_element
Build info: version: '4.2.2', revision: '683ccb65d6'
System info: host: 'LAPTOP-GAODKJDU', ip: '192.168.1.14', os.name: 'Windows 11', os.arch: 'amd64', os.version: '10.0', java.version: '11.0.15.1'
Driver info: org.openqa.selenium.chrome.ChromeDriver
Command: [47082fe78651ea96a967e542b950b8ff, findElement {using=css selector, value=.contact-item_card__2SOIM}]
Capabilities {acceptInsecureCerts: false, browserName: chrome, browserVersion: 103.0.5060.114, chrome: {chromedriverVersion: 103.0.5060.53 (a1711811edd7..., userDataDir: C:\Users\Dmitrii\AppData\Lo...}, goog:chromeOptions: {debuggerAddress: localhost:54592}, networkConnectionEnabled: false, pageLoadStrategy: normal, platformName: WINDOWS, proxy: Proxy(), se:cdp: ws://localhost:54592/devtoo..., se:cdpVersion: 103.0.5060.114, setWindowRect: true, strictFileInteractability: false, timeouts: {implicit: 0, pageLoad: 300000, script: 30000}, unhandledPromptBehavior: dismiss and notify, webauthn:extension:credBlob: true, webauthn:extension:largeBlob: true, webauthn:virtualAuthenticators: true}
Session ID: 47082fe78651ea96a967e542b950b8ff
